000000000000000000000000000000000000000000001100100111100112221211111111111111111111111112211221212211233333333333322322344343444557889878889945332332233223322112211221211000110110111011111111111111
000000000000000000000000000000000000000000000101011100111122111211111111111111111111111112211111122112233333333322332233443434445567789988989644433223323223322211111121211110110000011111111111111111
000000000000000000000000000000000000000000010101011100112221112211111111111111111111111112211112111122333333333322332233433444455567799899887555443323323223333222111111122111010110011111111111111111
000000000000000000000000000000000000000000011010111111121111122211111111111111111111111111111222112233233333333333322334434333456676899889886654534332233332223322112211122111101111001111111111111111
000000000000000000000000000000000000000000111010100111122222221111111111111111111111111111112211222332233333333333323344343434556667889998976564534433233333222222112211111211100111100011111111111111
000000000000000000000000000000000000000000010110100112212211111111111111111111111111111111112111223323323333333333323343333445556677888998986655543433322333322332211111211122110001110011111111111111
000000000000000000000000000000000000000001010101011112211111112211111111111111111111111111121122233223323333333332333343434344567888999889897665544334332223333332222111221122111100110011111111111111
000000000000000000000000000000000000000001101001011222111222211111111111111111111111111111221122322333223333333332334334344455798989989999998776454333433222232223322122122111121100110011111111111111
000000000000000000000000000000000000000001000110112111221111111111111111111111111222211211111223333333332333222223344333345467899999999999999999543443344332233322322121122112212110011011111111111111
000000000000000000000000000000000000000011110001112211111111111111111111111111112221111121222233333333333223322333333344544578899999999999999999654343434433222332222212111112212111000011111111111111
000000000000000000000000000000000000000000111011222111221111111111111111111111112111111111223332333333333223323344433445555579989999999999999999755444333443332223223212211112211211100111111111111111
000000000000000000000000000000000000000000111112211111221111111111111111111111111111222112233223333333332332233433334455455568989999999999999999855534343333333223323321222111111122111111111111111111
000000000000000000000000000000000000000111100112111112111111111111111111111111111111221122333223333333333322334334444544556667999999999999999999855543444434443332222321112211111112211011111111111111
000000000000000000000000000000000000000101001111211221111111111111111111111111111221111222333333333333332233333444555555566668989999999999999999666554433334443332232232111211112112211011111111111111
000000000000000000000000000000000000001100011221212221111111111111111111111111111221122232223332333333333333344455444455666668989999999999999999665655543444334443332233221121112111211111111111111111
000000000000000000000000000000000000001010112211211211121111111111111111111111111221122333333333333333333443445545555556566777999999999999999999766654545444333334333322221122111221122111111111111111
000000000000000000000000000000000000011010112112111111111111111111111111112221112211223333333332223322334344554545555666567779899999999999999999776655545555454433433333221121111111111111001011111111
000000000000000000000000000000000000001101112112111111111111111111111111221112211122233233222333322333343445565555566655667789899999999999999999776776555445555454443232321212121111111111010101111111
000000000000000000000000000000000000101011221221111111111111111111111111221112211222233322333322333344434466667787667677878889899999999999999999887877655555544559744433332112121111111111110110111111
000000000000000000000000000000000000110011211121111111111111111111111111111221112233222333333333333443334689889998877689988889899999999999999999987889866555566678894333332121221111111121101110111111
000000000000000000000000000000000000110111211111111111111111111111111111211221123322333233222333344433445589988988887789989999899999999999999999899988997666555568985442233221121111111112211010111111
000000000000000000000000000000000001100121122112111111111111111111111111211211223333333222333334443334456588889999989998988998999999999999999999988999887767777779975543332212121111111112110101111111
000000000000000000000000000000000001101221122112111111111111111111111111221112232333223323334333333344545588998889998889898988989999999999999999888998898878777789976644332322111111111112121101111111
000000000000000000000000000000000010011111111111111111111111111111111111122122333322333333443334444445546589889999899989899988989999999999999999899889989889999898899853423321211111111121211011111111
000000000000000000000000000000000010111111111111111111111111111112211111212223323322233444443334434454465678998999999999999999999999999999999999999999999999999989899843442231111111111112121101011011
000000000000000000000000000000000000111211111111111111111111111121112221122332222333333344334444344455455788999899999999999999999999999999999999999999999999999988989654342232221111111112211111000001
000000000000000000000000000000000011121211111111111111111111111121122211223322233334444433334433445545556678889999999999999999999999999999999999999999999999999998988654343322111111111112211210011001
000000000000000000000000000000000010112111111111111111111111111121121122232233333443333433444334455445567778888999999999999999999999999999999999999999999999999998888543443223211111111121211210111100
000000000000000000000000000000000011112211111111111111111111111121111223233333343344443334433444554445666788998899999999999999999999999999999999999999999999999989886544434233221111111121221111011110
000000000000000000000000000000000001121211111111111111111111111111222222333343343333443333333445544555676788899999999999999999999999999999999999999999999999999989976454434232221111111121222111000111
000000000000000000000000000000000102121111111111111111111111111112233332334433444433333433344445544556778999888899999999999999999999999999999999999999999999999989865555434232321111111112212112110011
000000000000000000000000000000001001212111111111111111111111111122322334433434433334443334445554455567899889998999999999999999999999999999999999999999999999999989866645333323321111111112212212110011
000000000000000000000000000000000112112112222211121122121221122323233345444334344434434434455555455578999999999999999999999999999999999999999999999999999999999999765555334423231212212111111111101011
000000000000000000000000000000001112111121111222122211122112233232333544555454444343343444455554555678889999999999999999999999999999999999999999999999999999999989876554543333332211111111111111211100
000000000000000000000000000000001121111121111222221122112233222323457866444455445544445555544556656667889999999999999999999999999999999999999999999999999999999989986655433323232222111111111111120101
000000000000000000000000000000010111121211222111122211222333223343446988555455554455554445566555566778899999999999999999999999999999999999999999999999999999999998887767444422223122121211111111121001
000000000000000000000000000000011121121211221111221223333322333333456798665555556656656666556666667778899999999999999999999999999999999999999999999999999999999998998888644323323112121111111111221011
000000000000000000000000000000011221121111211122223322232233334434546689766665665778867555665555676689999999999999999999999999999999999999999999999999999999999988998999644423323212122111111111212001
000000000000000000000000000000002122112121112222333333223323344344555798876665556789986766655566777789999999999999999999999999999999999999999999999999999999999989898988744422223222212211111111111100
000000000000000000000000000000002112112111122233233232232333334435547989887877767899887766677776768998999999999999999999999999999999999999999999999999999999999998989899853432233321112111111111121210
000000000000000000000000000000021221122112233333322333323343333454556789999998878898898888876677778898899999999999999999999999999999999999999999999999999999999999889998653432323211121211111111221210
000000000000000000000000000000022112211222332223233322333444443444456789988999888999999899988777788999889999999999999999999999999999999999999999999999999999999999889987653332323221121111111111121210
000000000000000000000000000000112112222233322233233322334433433455555688998889999989989988898878889989989999999999999999999999999999999999999999999999999999999999899876554332322322211111111111121210
000000000000000000000000000000112211223322223333333333344333433454556688999988889889988999999889899889989999999999999999999999999999999999999999999999999999999989899875544333332332212111111111121211
000000000000000000000000000000121222233333333322322333344434434445556687889999998999999888888899999889999999999999999999999999999999999999999999999999999999999989998885444332332321212111111111122211
000000000000000000000000000000121122332333222333322334433433334455665678999888998998899899999999988999889999999999999999999999999999999999999999999999999999999999898987544432332322111111111111121111
000000000000000000000000000000211223322322222233233334433433334456666788998888888988889888888888988999889999999999999999999999999999999999999999999999999999999998898997544432322322211211111111121121
000000000000000000000000000000212233223323333322233444333443444565557789889999989899998998899899999888999999999999999999999999999999999999999999999999999999999998998887443422322322221211111111122121
000000000000000000000000000000112233322323232323234433443334455556557999999999999999999999999999999999999999999999999999999999999999999999999999999999999999999999889985433422323333112211111111111111
000000000000000000000000000001122332332223232322444334433344455656778988999999999999999999999999999999999999999999999999999999999999999999999999999999999999999998998875543422323333112211111111111111
000000000000000000000000000001123322333323232233333333444434576667789889999999999999999999999999999999999999999999999999999999999999999999999999999999999999999998998865543423323333112211111111111111
000000000000000000000000000001222332333333222333444443335455689887789889999999999999999999999999999999999999999999999999999999999999999999999999999999999999999999989955443423323333112211111111111111
000000000000000000000000000001233333222322333333334455554556689888889989999999999999999999999999999999999999999999999999999999999999999999999999999999999999999999889854433432333333112211111111111111
000000000000000000000000000001323222223232223344544554455667799998899989999999999999999999999999999999999999999999999999999999999999999999999999999999999999999989888655333432233333112211111111111111
000000000000000000000000000002323233323232333444455545556566889899998889999999999999999999999999999999999999999999999999999999999999999999999999999999999999999989897545333333233333112211111111111111
000000000000000000000000000002233333322223345555554455566557798988989898999999999999999999999999999999999999999999999999999999999999999999999999999999999999999999986654443333233333112211111111111111
000000000000000000000000000003234333433355556545445565565677889899999999999999999999999999999999999999999999999999999999999999999999999999999999999999999999999989966455333333322323112111111111111111
000000000000000000000000000002333445455567865665555667767888889999999999999999999999999999999999999999999999999999999999999999999999999999999999999999999999999998865454333333322323211111111111111111
000000000000000000000000000004333445545659966667688676688998998899999999999999999999999999999999999999999999999999999999999999999999999999999999999999999999999998755554333333322333211211111111111111
000000000000000000000000000004534656477689887876988989888988999999999999999999999999999999999999999999999999999999999999999999999999999999999999999999999999999987656455333333322333321211111111111111
000000000000000000000000000008898899889999998889998988899999889999999999999999999999999999999999999999999999999999999999999999999999999999999999999999999999999997766445333333322322311111111111111111
000000000000000000000000000005534656577788987887898899989889889899999999999999999999999999999999999999999999999999999999999999999999999999999999999999999999999997655554333333323333221111111111111111
000000000000000000000000000004333454455668976676798676688889999899999999999999999999999999999999999999999999999999999999999999999999999999999999999999999999999988755554333333323323222111111111111111
000000000000000000000000000002444334555558855665545666766898888999999999999999999999999999999999999999999999999999999999999999999999999999999999999999999999999998865554333333322323212111111111111111
000000000000000000000000000003333444333344556454444556655667898889899989999999999999999999999999999999999999999999999999999999999999999999999999999999999999999988875454343333233333112211111111111111
000000000000000000000000000002233333333333344455555555556566889989898989999999999999999999999999999999999999999999999999999999999999999999999999999999999999999999886545343333233333112211111111111111
000000000000000000000000000002332233322222323454444445556557798999998999999999999999999999999999999999999999999999999999999999999999999999999999999999999999999989896645344333233333112211111111111111
000000000000000000000000000002233333333333323344555554445657798998898999999999999999999999999999999999999999999999999999999999999999999999999999999999999999999988888655333332233333112211111111111111
000000000000000000000000000002233322233322322333334445554556789888889888999999999999999999999999999999999999999999999999999999999999999999999999999999999999999998989755433322333333112211111111111111
000000000000000000000000000002232223332222333233433344334455688887789989999999999999999999999999999999999999999999999999999999999999999999999999999999999999999998989865443422323333112211111111111111
000000000000000000000000000001222333333332232223444334434434576667779989999999999999999999999999999999999999999999999999999999999999999999999999999999999999999988888965443423323333112211111111111111
000000000000000000000000000000123322223333223332344334434344455657778989999999999999999999999999999999999999999999999999999999999999999999999999999999999999999998989966543323323333112211111111111111
000000000000000000000000000001221232233233333333334334433433445555656999999999999999999999998888899888899999999999999999999999999999999999999999999999999999999989899986533433332333111111111111121212
000000000000000000000000000000112233222333333333233443343443444566656889999999999999999988899999999998889999999999999999999999999999999999999999999999999999999999898997443322323322112111111111121111
000000000000000000000000000000112223322333333333223343343433334456566688999999999999999999999988999999989999999999999999999999999999999999999999999999999999999999898897543332333222112111111111222211
000000000000000000000000000000222122332233333333322334434433334455556678999999999999999999999988988899999999999999999999999999999999999999999999999999999999999999899987453332332221112111111111111220
000000000000000000000000000000121112232333333333332233434333434445655777999999999999999988899999998899999999999999999999999999999999999999999999999999999999999989999875453332322332212111111111111210
000000000000000000000000000000111211222333333333333323343334433444556778999999999999999999998888899998899999999999999999999999999999999999999999999999999999999989989875553332322322211211111111222210
000000000000000000000000000000011211122233333333323332333433433354556688999999999999999999988888888998899999999999999999999999999999999999999999999999999999999989989976544433333322121211111111121110
000000000000000000000000000000021111211133333333332332233433444445456699999999999999999989988777788998899999999999999999999999999999999999999999999999999999999998889987644322333322121211111111121111
000000000000000000000000000000021221112122223332232233233333433454556898999898887989989788876777778889989999999999999999999999999999999999999999999999999999999989899989743433222321221111111111212201
000000000000000000000000000000011111211211222233233322232334333435447989887777677899897767767766777899899999999999999999999999999999999999999999999999999999999999888999854322333321211211111111212101
000000000000000000000000000000002112211111112222332233223223344335455798777666567788886766556667667789899999999999999999999999999999999999999999999999999999999999999988743333223221112211111111212100
000000000000000000000000000000011112211122111122223322233233334444555789766656655779967555566556676689989999999999999999999999999999999999999999999999999999999998999899644323332212212111111111211110
000000000000000000000000000000011121112211222211111223223233233333556889765655566565565665665556666678989999999999999999999999999999999999999999999999999999999998998889644322333112122111111111211010
000000000000000000000000000000001122112111112222122211223222233243345988554445555445555445565665566778899999999999999999999999999999999999999999999999999999999998987677433433223211122211111111111010
000000000000000000000000000000001122111122111112221111112233223324457866555445444454554454454555666667899999999999999999999999999999999999999999999999999999999989986655544423332111121211111111111010
000000000000000000000000000000000111111211111111122121121212232232333444445554343434334354554455555668989999999999999999999999999999999999999999999999999999999999875664533323332121221211111111120110
000000000000000000000000000000001111221211111111111111111111122333232344544334433333334434455555455578998999899899999999999999999999999999999999999999999999999999766645333323331111111112111221110010
000000000000000000000000000000001011111211111111111111111221112222332334334443443343333344444554544557989889988999999999999999999999999999999999999999999999999999876545333322321111111121121111110011
000000000000000000000000000000000002111211111111111111111122211112223333344333343333333343334445454555779999999899999999999999999999999999999999999999999999999989875555333323321111111111122112110111
000000000000000000000000000000000001221111111111111111111111222221222232333344433333334433433445445455577888899899999999999999999999999999999999999999999999999998976454343233221111111111122111100110
000000000000000000000000000000000101211111111111111111112211111111212223223333334443344434443344545445666778988999999999999999999999999999999999999999999999999998976554344333211111111122111211011110
000000000000000000000000000000000110111111111111111111111112221111211122333222333344444333333344454444567778898899999999999999999999999999999999999999999999999988988543343332211111111112112211111100
000000000000000000000000000000000010112211111111111111111122222221121112223332333333443343334433354454556678899899999999999999999999999999999999999999999999999989998643333322111111111111112211011100
000000000000000000000000000000000001012111111111111111112211111212121212122333222333443333333333345545555689988999999999999999999999999999999999999999999999999999899654432222111111111121111110001101
000000000000000000000000000000000011111211122112111111111111111111111111122233322333233433344443334455555689899898899889988998899999999999999999988899999999988898988843333231111111111111211110111111
000000000000000000000000000000000001101211112111111111111111111111111111111222233332223333333334333444546588989989988998999998899999999999999999889988898888999998989853332321111111111122221101111111
000000000000000000000000000000000001101121111111111111111111111111111111111112233322332233334433333344545589998889998889988998899999999999999999998899888887887798886653322312211111111122121101111111
000000000000000000000000000000000001111112111111111111111111111111111111122112223323333323333334344334455678898999889998988999889999999999999999899988997766777789875434323212111111111112111001111111
000000000000000000000000000000000000010111211221111111111111111111111111112211122333222333222333344433445688989889887889999999989999999999999999888899987666555568995542323212111111111112211010111111
000000000000000000000000000000000000010011211221111111111111111111111111111121112233322322333322333444334699999998876778888899989999999999999999987898766655556677994332232122111111111122101010111111
000000000000000000000000000000000000010011121121111111111111111111111111211112221222333333222233233334433456567787667667788889989999999999999999887777655555444459843433232121121111111111100110111111
000000000000000000000000000000000000101101121111111111111111111111111111222111121122233223333322233233434354566555566655677788989999999999999999776766555444554454434323321211121111111111010101111111
000000000000000000000000000000000000001010112112111111111111111111111111111111111221223332233223223322334344554555556556657778989999999999999999866666455554454434433332321121122112111211001100111111
000000000000000000000000000000000000001010112222111111111111111111111111111111112211122332233323323322333443445554455556556778899999999999999999766555544544433343332222221121121111121111001100111111
000000000000000000000000000000000000001010111221111111111111111111111111111111112112112233333332223332223333344455544455666778899999999999999999765545543443334443333223211122112211121100011100111111
000000000000000000000000000000000000000111111111111111111111111111111111111111112112211223322333223333322233333444555445565678999999999999999999756555444333444333223332111112112211111001111000111111
000000000000000000000000000000000000000111100112111111111111111111111111111111111112211122332333332233332332234344444554556667999999999999999999856444434334443333223322122112211112211011110011111111
000000000000000000000000000000000000000101100112111111111111111111111111111111112211122112233322333223322332233443334455455577989999999999999999765533443343333323333221122111211122110101100111111111
000000000000000000000000000000000000000010011111111111111111111111111111111111112211122111223322333222223233323334433444555578989999999999999999664534333443332233332221211111122221100100000111111111
000000000000000000000000000000000000000010011001111111111111111111111111111111111122211121122333233323323322233333443344545579899999999999999999755343443433233232232212211221121211001101101110111111
000000000000000000000000000000000000000011111001112112211111111111111111111111111111111112211223333322333333333323333333344566898998988998989898544443344333322322322112211221112110011011111111111111
000000000000000000000000000000000000000000111011011221121111111111111111111111111111111112211222332233323333333332334334443556788989989999987766544334433322322323322122122211221110011111111111111111
000000000000000000000000000000000000000000110111001121121111111111111111111111111111111112211112223332233333333332233433334445567879999888987665544334332223333323221221122112211100111111111111111111
000000000000000000000000000000000000000000110110100112211111111111111111111111111111111111112211223322233333333323323343444344655678899898886655443443323333333332211221211122110111111111111111111111
000000000000000000000000000000000000000000011111110011211111111111111111111111111111111111112221122332233333333323322344443444565666889999976654433433233332223332111221211221101111111111111111111111
000000000000000000000000000000000000000000001111011001121111111111111111111111111111111121111111112233323333333322233334334434446676888989977655543332233322233322112221212211001111011111111111111111
000000000000000000000000000000000000000000001101101100111111111111111111111111111111111122211111211222223333333332233233334333555667898889987654443322322332333221122121122110011000111111111111111111
000000000000000000000000000000000000000000001101100110011111111111111111111111111111111112222112111112233333333333322333433433345567799999898755433323332333332211221121221101111101111011111111111111
